  b2j.cpp
E:\Code\Jpeg-En-Decode\b2j_encode\b2j.h(15,13): error C2143: 语法错误: 缺少“;”(在“*”的前面)
E:\Code\Jpeg-En-Decode\b2j_encode\b2j.h(15,13): error C4430: 缺少类型说明符 - 假定为 int。注意: C++ 不支持默认 int
E:\Code\Jpeg-En-Decode\b2j_encode\b2j.h(15,24): error C2238: 意外的标记位于“;”之前
E:\Code\Jpeg-En-Decode\b2j_encode\b2j.h(18,13): error C2143: 语法错误: 缺少“;”(在“*”的前面)
E:\Code\Jpeg-En-Decode\b2j_encode\b2j.h(18,13): error C4430: 缺少类型说明符 - 假定为 int。注意: C++ 不支持默认 int
E:\Code\Jpeg-En-Decode\b2j_encode\b2j.h(18,24): error C2238: 意外的标记位于“;”之前
E:\Code\Jpeg-En-Decode\b2j_encode\b2j.h(32,9): error C2143: 语法错误: 缺少“;”(在“*”的前面)
E:\Code\Jpeg-En-Decode\b2j_encode\b2j.h(32,9): error C4430: 缺少类型说明符 - 假定为 int。注意: C++ 不支持默认 int
E:\Code\Jpeg-En-Decode\b2j_encode\b2j.h(32,18): error C2238: 意外的标记位于“;”之前
E:\Code\Jpeg-En-Decode\b2j_encode\b2j.h(78,12): error C4430: 缺少类型说明符 - 假定为 int。注意: C++ 不支持默认 int
E:\Code\Jpeg-En-Decode\b2j_encode\b2j.h(78,12): error C2146: 语法错误: 缺少“;”(在标识符“STD_HUFTAB_LUMIN_AC”的前面)
E:\Code\Jpeg-En-Decode\b2j_encode\b2j.h(79,1): error C4430: 缺少类型说明符 - 假定为 int。注意: C++ 不支持默认 int
E:\Code\Jpeg-En-Decode\b2j_encode\b2j.h(94,12): error C4430: 缺少类型说明符 - 假定为 int。注意: C++ 不支持默认 int
E:\Code\Jpeg-En-Decode\b2j_encode\b2j.h(94,7): error C2086: “const int BYTE”: 重定义
E:\Code\Jpeg-En-Decode\b2j_encode\b2j.h(78): message : 参见“BYTE”的声明
E:\Code\Jpeg-En-Decode\b2j_encode\b2j.h(94,12): error C2146: 语法错误: 缺少“;”(在标识符“STD_HUFTAB_LUMIN_DC”的前面)
E:\Code\Jpeg-En-Decode\b2j_encode\b2j.h(95,1): error C4430: 缺少类型说明符 - 假定为 int。注意: C++ 不支持默认 int
E:\Code\Jpeg-En-Decode\b2j_encode\b2j.h(100,12): error C4430: 缺少类型说明符 - 假定为 int。注意: C++ 不支持默认 int
E:\Code\Jpeg-En-Decode\b2j_encode\b2j.h(100,7): error C2086: “const int BYTE”: 重定义
E:\Code\Jpeg-En-Decode\b2j_encode\b2j.h(78): message : 参见“BYTE”的声明
E:\Code\Jpeg-En-Decode\b2j_encode\b2j.h(100,12): error C2146: 语法错误: 缺少“;”(在标识符“STD_HUFTAB_CHROM_AC”的前面)
E:\Code\Jpeg-En-Decode\b2j_encode\b2j.h(101,1): error C4430: 缺少类型说明符 - 假定为 int。注意: C++ 不支持默认 int
E:\Code\Jpeg-En-Decode\b2j_encode\b2j.h(116,12): error C4430: 缺少类型说明符 - 假定为 int。注意: C++ 不支持默认 int
E:\Code\Jpeg-En-Decode\b2j_encode\b2j.h(116,7): error C2086: “const int BYTE”: 重定义
E:\Code\Jpeg-En-Decode\b2j_encode\b2j.h(78): message : 参见“BYTE”的声明
E:\Code\Jpeg-En-Decode\b2j_encode\b2j.h(116,12): error C2146: 语法错误: 缺少“;”(在标识符“STD_HUFTAB_CHROM_DC”的前面)
E:\Code\Jpeg-En-Decode\b2j_encode\b2j.h(117,1): error C4430: 缺少类型说明符 - 假定为 int。注意: C++ 不支持默认 int
E:\Code\Jpeg-En-Decode\b2j_encode\bitstream.h(15,15): error C3646: “bitbuf”: 未知重写说明符
E:\Code\Jpeg-En-Decode\b2j_encode\bitstream.h(15,15): error C4430: 缺少类型说明符 - 假定为 int。注意: C++ 不支持默认 int
E:\Code\Jpeg-En-Decode\b2j_encode\bitstream.h(22,15): error C3646: “bitbuf”: 未知重写说明符
E:\Code\Jpeg-En-Decode\b2j_encode\bitstream.h(22,15): error C4430: 缺少类型说明符 - 假定为 int。注意: C++ 不支持默认 int
E:\Code\Jpeg-En-Decode\b2j_encode\bitstream.h(24,7): error C2143: 语法错误: 缺少“;”(在“*”的前面)
E:\Code\Jpeg-En-Decode\b2j_encode\bitstream.h(24,7): error C4430: 缺少类型说明符 - 假定为 int。注意: C++ 不支持默认 int
E:\Code\Jpeg-En-Decode\b2j_encode\bitstream.h(24,15): error C2238: 意外的标记位于“;”之前
E:\Code\Jpeg-En-Decode\b2j_encode\huffman.h(19,24): error C3646: “huftab”: 未知重写说明符
E:\Code\Jpeg-En-Decode\b2j_encode\huffman.h(19,24): error C2143: 语法错误: 缺少“,”(在“[”的前面)
E:\Code\Jpeg-En-Decode\b2j_encode\huffman.h(19,52): error C2143: 语法错误: 缺少“)”(在“;”的前面)
E:\Code\Jpeg-En-Decode\b2j_encode\huffman.h(19,52): error C2238: 意外的标记位于“;”之前
E:\Code\Jpeg-En-Decode\b2j_encode\color.h(5,43): error C2061: 语法错误: 标识符“BYTE”
E:\Code\Jpeg-En-Decode\b2j_encode\color.h(6,23): error C2061: 语法错误: 标识符“BYTE”
E:\Code\Jpeg-En-Decode\b2j_encode\main.h(13,21): error C2378: “BYTE”: 重定义；符号不能由 typedef 重载
E:\Code\Jpeg-En-Decode\b2j_encode\b2j.h(78): message : 参见“BYTE”的声明
E:\Code\Jpeg-En-Decode\b2j_encode\b2j.cpp(4,11): error C2011: “B2J”:“class”类型重定义
E:\Code\Jpeg-En-Decode\b2j_encode\b2j.h(122): message : 参见“B2J”的声明
  bitstream.cpp
E:\Code\Jpeg-En-Decode\b2j_encode\bitstream.cpp(1,1): warning C4819: 该文件包含不能在当前代码页(936)中表示的字符。请将该文件保存为 Unicode 格式以防止数据丢失
E:\Code\Jpeg-En-Decode\b2j_encode\b2j.h(15,13): error C2143: 语法错误: 缺少“;”(在“*”的前面)
E:\Code\Jpeg-En-Decode\b2j_encode\b2j.h(15,13): error C4430: 缺少类型说明符 - 假定为 int。注意: C++ 不支持默认 int
E:\Code\Jpeg-En-Decode\b2j_encode\b2j.h(15,24): error C2238: 意外的标记位于“;”之前
E:\Code\Jpeg-En-Decode\b2j_encode\b2j.h(18,13): error C2143: 语法错误: 缺少“;”(在“*”的前面)
E:\Code\Jpeg-En-Decode\b2j_encode\b2j.h(18,13): error C4430: 缺少类型说明符 - 假定为 int。注意: C++ 不支持默认 int
E:\Code\Jpeg-En-Decode\b2j_encode\b2j.h(18,24): error C2238: 意外的标记位于“;”之前
E:\Code\Jpeg-En-Decode\b2j_encode\b2j.h(32,9): error C2143: 语法错误: 缺少“;”(在“*”的前面)
E:\Code\Jpeg-En-Decode\b2j_encode\b2j.h(32,9): error C4430: 缺少类型说明符 - 假定为 int。注意: C++ 不支持默认 int
E:\Code\Jpeg-En-Decode\b2j_encode\b2j.h(32,18): error C2238: 意外的标记位于“;”之前
E:\Code\Jpeg-En-Decode\b2j_encode\b2j.h(78,12): error C4430: 缺少类型说明符 - 假定为 int。注意: C++ 不支持默认 int
E:\Code\Jpeg-En-Decode\b2j_encode\b2j.h(78,12): error C2146: 语法错误: 缺少“;”(在标识符“STD_HUFTAB_LUMIN_AC”的前面)
E:\Code\Jpeg-En-Decode\b2j_encode\b2j.h(79,1): error C4430: 缺少类型说明符 - 假定为 int。注意: C++ 不支持默认 int
E:\Code\Jpeg-En-Decode\b2j_encode\b2j.h(94,12): error C4430: 缺少类型说明符 - 假定为 int。注意: C++ 不支持默认 int
E:\Code\Jpeg-En-Decode\b2j_encode\b2j.h(94,7): error C2086: “const int BYTE”: 重定义
E:\Code\Jpeg-En-Decode\b2j_encode\b2j.h(78): message : 参见“BYTE”的声明
E:\Code\Jpeg-En-Decode\b2j_encode\b2j.h(94,12): error C2146: 语法错误: 缺少“;”(在标识符“STD_HUFTAB_LUMIN_DC”的前面)
E:\Code\Jpeg-En-Decode\b2j_encode\b2j.h(95,1): error C4430: 缺少类型说明符 - 假定为 int。注意: C++ 不支持默认 int
E:\Code\Jpeg-En-Decode\b2j_encode\b2j.h(100,12): error C4430: 缺少类型说明符 - 假定为 int。注意: C++ 不支持默认 int
E:\Code\Jpeg-En-Decode\b2j_encode\b2j.h(100,7): error C2086: “const int BYTE”: 重定义
E:\Code\Jpeg-En-Decode\b2j_encode\b2j.h(78): message : 参见“BYTE”的声明
E:\Code\Jpeg-En-Decode\b2j_encode\b2j.h(100,12): error C2146: 语法错误: 缺少“;”(在标识符“STD_HUFTAB_CHROM_AC”的前面)
E:\Code\Jpeg-En-Decode\b2j_encode\b2j.h(101,1): error C4430: 缺少类型说明符 - 假定为 int。注意: C++ 不支持默认 int
E:\Code\Jpeg-En-Decode\b2j_encode\b2j.h(116,12): error C4430: 缺少类型说明符 - 假定为 int。注意: C++ 不支持默认 int
E:\Code\Jpeg-En-Decode\b2j_encode\b2j.h(116,7): error C2086: “const int BYTE”: 重定义
E:\Code\Jpeg-En-Decode\b2j_encode\b2j.h(78): message : 参见“BYTE”的声明
E:\Code\Jpeg-En-Decode\b2j_encode\b2j.h(116,12): error C2146: 语法错误: 缺少“;”(在标识符“STD_HUFTAB_CHROM_DC”的前面)
E:\Code\Jpeg-En-Decode\b2j_encode\b2j.h(117,1): error C4430: 缺少类型说明符 - 假定为 int。注意: C++ 不支持默认 int
E:\Code\Jpeg-En-Decode\b2j_encode\bitstream.h(15,15): error C3646: “bitbuf”: 未知重写说明符
E:\Code\Jpeg-En-Decode\b2j_encode\bitstream.h(15,15): error C4430: 缺少类型说明符 - 假定为 int。注意: C++ 不支持默认 int
E:\Code\Jpeg-En-Decode\b2j_encode\bitstream.h(22,15): error C3646: “bitbuf”: 未知重写说明符
E:\Code\Jpeg-En-Decode\b2j_encode\bitstream.h(22,15): error C4430: 缺少类型说明符 - 假定为 int。注意: C++ 不支持默认 int
E:\Code\Jpeg-En-Decode\b2j_encode\bitstream.h(24,7): error C2143: 语法错误: 缺少“;”(在“*”的前面)
E:\Code\Jpeg-En-Decode\b2j_encode\bitstream.h(24,7): error C4430: 缺少类型说明符 - 假定为 int。注意: C++ 不支持默认 int
E:\Code\Jpeg-En-Decode\b2j_encode\bitstream.h(24,15): error C2238: 意外的标记位于“;”之前
E:\Code\Jpeg-En-Decode\b2j_encode\huffman.h(19,24): error C3646: “huftab”: 未知重写说明符
E:\Code\Jpeg-En-Decode\b2j_encode\huffman.h(19,24): error C2143: 语法错误: 缺少“,”(在“[”的前面)
E:\Code\Jpeg-En-Decode\b2j_encode\huffman.h(19,52): error C2143: 语法错误: 缺少“)”(在“;”的前面)
E:\Code\Jpeg-En-Decode\b2j_encode\huffman.h(19,52): error C2238: 意外的标记位于“;”之前
E:\Code\Jpeg-En-Decode\b2j_encode\color.h(5,43): error C2061: 语法错误: 标识符“BYTE”
E:\Code\Jpeg-En-Decode\b2j_encode\color.h(6,23): error C2061: 语法错误: 标识符“BYTE”
E:\Code\Jpeg-En-Decode\b2j_encode\main.h(13,21): error C2378: “BYTE”: 重定义；符号不能由 typedef 重载
E:\Code\Jpeg-En-Decode\b2j_encode\b2j.h(78): message : 参见“BYTE”的声明
E:\Code\Jpeg-En-Decode\b2j_encode\bitstream.cpp(3,17): error C2011: “BitStream”:“class”类型重定义
E:\Code\Jpeg-En-Decode\b2j_encode\bitstream.h(30): message : 参见“BitStream”的声明
  bmp.cpp
E:\Code\Jpeg-En-Decode\b2j_encode\bmp.cpp(1,1): warning C4819: 该文件包含不能在当前代码页(936)中表示的字符。请将该文件保存为 Unicode 格式以防止数据丢失
E:\Code\Jpeg-En-Decode\b2j_encode\b2j.h(15,13): error C2143: 语法错误: 缺少“;”(在“*”的前面)
E:\Code\Jpeg-En-Decode\b2j_encode\b2j.h(15,13): error C4430: 缺少类型说明符 - 假定为 int。注意: C++ 不支持默认 int
E:\Code\Jpeg-En-Decode\b2j_encode\b2j.h(15,24): error C2238: 意外的标记位于“;”之前
E:\Code\Jpeg-En-Decode\b2j_encode\b2j.h(18,13): error C2143: 语法错误: 缺少“;”(在“*”的前面)
E:\Code\Jpeg-En-Decode\b2j_encode\b2j.h(18,13): error C4430: 缺少类型说明符 - 假定为 int。注意: C++ 不支持默认 int
E:\Code\Jpeg-En-Decode\b2j_encode\b2j.h(18,24): error C2238: 意外的标记位于“;”之前
E:\Code\Jpeg-En-Decode\b2j_encode\b2j.h(32,9): error C2143: 语法错误: 缺少“;”(在“*”的前面)
E:\Code\Jpeg-En-Decode\b2j_encode\b2j.h(32,9): error C4430: 缺少类型说明符 - 假定为 int。注意: C++ 不支持默认 int
E:\Code\Jpeg-En-Decode\b2j_encode\b2j.h(32,18): error C2238: 意外的标记位于“;”之前
E:\Code\Jpeg-En-Decode\b2j_encode\b2j.h(78,12): error C4430: 缺少类型说明符 - 假定为 int。注意: C++ 不支持默认 int
E:\Code\Jpeg-En-Decode\b2j_encode\b2j.h(78,12): error C2146: 语法错误: 缺少“;”(在标识符“STD_HUFTAB_LUMIN_AC”的前面)
E:\Code\Jpeg-En-Decode\b2j_encode\b2j.h(79,1): error C4430: 缺少类型说明符 - 假定为 int。注意: C++ 不支持默认 int
E:\Code\Jpeg-En-Decode\b2j_encode\b2j.h(94,12): error C4430: 缺少类型说明符 - 假定为 int。注意: C++ 不支持默认 int
E:\Code\Jpeg-En-Decode\b2j_encode\b2j.h(94,7): error C2086: “const int BYTE”: 重定义
E:\Code\Jpeg-En-Decode\b2j_encode\b2j.h(78): message : 参见“BYTE”的声明
E:\Code\Jpeg-En-Decode\b2j_encode\b2j.h(94,12): error C2146: 语法错误: 缺少“;”(在标识符“STD_HUFTAB_LUMIN_DC”的前面)
E:\Code\Jpeg-En-Decode\b2j_encode\b2j.h(95,1): error C4430: 缺少类型说明符 - 假定为 int。注意: C++ 不支持默认 int
E:\Code\Jpeg-En-Decode\b2j_encode\b2j.h(100,12): error C4430: 缺少类型说明符 - 假定为 int。注意: C++ 不支持默认 int
E:\Code\Jpeg-En-Decode\b2j_encode\b2j.h(100,7): error C2086: “const int BYTE”: 重定义
E:\Code\Jpeg-En-Decode\b2j_encode\b2j.h(78): message : 参见“BYTE”的声明
E:\Code\Jpeg-En-Decode\b2j_encode\b2j.h(100,12): error C2146: 语法错误: 缺少“;”(在标识符“STD_HUFTAB_CHROM_AC”的前面)
E:\Code\Jpeg-En-Decode\b2j_encode\b2j.h(101,1): error C4430: 缺少类型说明符 - 假定为 int。注意: C++ 不支持默认 int
E:\Code\Jpeg-En-Decode\b2j_encode\b2j.h(116,12): error C4430: 缺少类型说明符 - 假定为 int。注意: C++ 不支持默认 int
E:\Code\Jpeg-En-Decode\b2j_encode\b2j.h(116,7): error C2086: “const int BYTE”: 重定义
E:\Code\Jpeg-En-Decode\b2j_encode\b2j.h(78): message : 参见“BYTE”的声明
E:\Code\Jpeg-En-Decode\b2j_encode\b2j.h(116,12): error C2146: 语法错误: 缺少“;”(在标识符“STD_HUFTAB_CHROM_DC”的前面)
E:\Code\Jpeg-En-Decode\b2j_encode\b2j.h(117,1): error C4430: 缺少类型说明符 - 假定为 int。注意: C++ 不支持默认 int
E:\Code\Jpeg-En-Decode\b2j_encode\bitstream.h(15,15): error C3646: “bitbuf”: 未知重写说明符
E:\Code\Jpeg-En-Decode\b2j_encode\bitstream.h(15,15): error C4430: 缺少类型说明符 - 假定为 int。注意: C++ 不支持默认 int
E:\Code\Jpeg-En-Decode\b2j_encode\bitstream.h(22,15): error C3646: “bitbuf”: 未知重写说明符
E:\Code\Jpeg-En-Decode\b2j_encode\bitstream.h(22,15): error C4430: 缺少类型说明符 - 假定为 int。注意: C++ 不支持默认 int
E:\Code\Jpeg-En-Decode\b2j_encode\bitstream.h(24,7): error C2143: 语法错误: 缺少“;”(在“*”的前面)
E:\Code\Jpeg-En-Decode\b2j_encode\bitstream.h(24,7): error C4430: 缺少类型说明符 - 假定为 int。注意: C++ 不支持默认 int
E:\Code\Jpeg-En-Decode\b2j_encode\bitstream.h(24,15): error C2238: 意外的标记位于“;”之前
E:\Code\Jpeg-En-Decode\b2j_encode\huffman.h(19,24): error C3646: “huftab”: 未知重写说明符
E:\Code\Jpeg-En-Decode\b2j_encode\huffman.h(19,24): error C2143: 语法错误: 缺少“,”(在“[”的前面)
E:\Code\Jpeg-En-Decode\b2j_encode\huffman.h(19,52): error C2143: 语法错误: 缺少“)”(在“;”的前面)
E:\Code\Jpeg-En-Decode\b2j_encode\huffman.h(19,52): error C2238: 意外的标记位于“;”之前
E:\Code\Jpeg-En-Decode\b2j_encode\color.h(5,43): error C2061: 语法错误: 标识符“BYTE”
E:\Code\Jpeg-En-Decode\b2j_encode\color.h(6,23): error C2061: 语法错误: 标识符“BYTE”
E:\Code\Jpeg-En-Decode\b2j_encode\main.h(13,21): error C2378: “BYTE”: 重定义；符号不能由 typedef 重载
E:\Code\Jpeg-En-Decode\b2j_encode\b2j.h(78): message : 参见“BYTE”的声明
E:\Code\Jpeg-En-Decode\b2j_encode\bmp.cpp(23,11): error C2011: “Bmp”:“class”类型重定义
E:\Code\Jpeg-En-Decode\b2j_encode\bmp.h(11): message : 参见“Bmp”的声明
  color.cpp
E:\Code\Jpeg-En-Decode\b2j_encode\b2j.h(15,13): error C2143: 语法错误: 缺少“;”(在“*”的前面)
E:\Code\Jpeg-En-Decode\b2j_encode\b2j.h(15,13): error C4430: 缺少类型说明符 - 假定为 int。注意: C++ 不支持默认 int
E:\Code\Jpeg-En-Decode\b2j_encode\b2j.h(15,24): error C2238: 意外的标记位于“;”之前
E:\Code\Jpeg-En-Decode\b2j_encode\b2j.h(18,13): error C2143: 语法错误: 缺少“;”(在“*”的前面)
E:\Code\Jpeg-En-Decode\b2j_encode\b2j.h(18,13): error C4430: 缺少类型说明符 - 假定为 int。注意: C++ 不支持默认 int
E:\Code\Jpeg-En-Decode\b2j_encode\b2j.h(18,24): error C2238: 意外的标记位于“;”之前
E:\Code\Jpeg-En-Decode\b2j_encode\b2j.h(32,9): error C2143: 语法错误: 缺少“;”(在“*”的前面)
E:\Code\Jpeg-En-Decode\b2j_encode\b2j.h(32,9): error C4430: 缺少类型说明符 - 假定为 int。注意: C++ 不支持默认 int
E:\Code\Jpeg-En-Decode\b2j_encode\b2j.h(32,18): error C2238: 意外的标记位于“;”之前
E:\Code\Jpeg-En-Decode\b2j_encode\b2j.h(78,12): error C4430: 缺少类型说明符 - 假定为 int。注意: C++ 不支持默认 int
E:\Code\Jpeg-En-Decode\b2j_encode\b2j.h(78,12): error C2146: 语法错误: 缺少“;”(在标识符“STD_HUFTAB_LUMIN_AC”的前面)
E:\Code\Jpeg-En-Decode\b2j_encode\b2j.h(79,1): error C4430: 缺少类型说明符 - 假定为 int。注意: C++ 不支持默认 int
E:\Code\Jpeg-En-Decode\b2j_encode\b2j.h(94,12): error C4430: 缺少类型说明符 - 假定为 int。注意: C++ 不支持默认 int
E:\Code\Jpeg-En-Decode\b2j_encode\b2j.h(94,7): error C2086: “const int BYTE”: 重定义
E:\Code\Jpeg-En-Decode\b2j_encode\b2j.h(78): message : 参见“BYTE”的声明
E:\Code\Jpeg-En-Decode\b2j_encode\b2j.h(94,12): error C2146: 语法错误: 缺少“;”(在标识符“STD_HUFTAB_LUMIN_DC”的前面)
E:\Code\Jpeg-En-Decode\b2j_encode\b2j.h(95,1): error C4430: 缺少类型说明符 - 假定为 int。注意: C++ 不支持默认 int
E:\Code\Jpeg-En-Decode\b2j_encode\b2j.h(100,12): error C4430: 缺少类型说明符 - 假定为 int。注意: C++ 不支持默认 int
E:\Code\Jpeg-En-Decode\b2j_encode\b2j.h(100,7): error C2086: “const int BYTE”: 重定义
E:\Code\Jpeg-En-Decode\b2j_encode\b2j.h(78): message : 参见“BYTE”的声明
E:\Code\Jpeg-En-Decode\b2j_encode\b2j.h(100,12): error C2146: 语法错误: 缺少“;”(在标识符“STD_HUFTAB_CHROM_AC”的前面)
E:\Code\Jpeg-En-Decode\b2j_encode\b2j.h(101,1): error C4430: 缺少类型说明符 - 假定为 int。注意: C++ 不支持默认 int
E:\Code\Jpeg-En-Decode\b2j_encode\b2j.h(116,12): error C4430: 缺少类型说明符 - 假定为 int。注意: C++ 不支持默认 int
E:\Code\Jpeg-En-Decode\b2j_encode\b2j.h(116,7): error C2086: “const int BYTE”: 重定义
E:\Code\Jpeg-En-Decode\b2j_encode\b2j.h(78): message : 参见“BYTE”的声明
E:\Code\Jpeg-En-Decode\b2j_encode\b2j.h(116,12): error C2146: 语法错误: 缺少“;”(在标识符“STD_HUFTAB_CHROM_DC”的前面)
E:\Code\Jpeg-En-Decode\b2j_encode\b2j.h(117,1): error C4430: 缺少类型说明符 - 假定为 int。注意: C++ 不支持默认 int
E:\Code\Jpeg-En-Decode\b2j_encode\bitstream.h(15,15): error C3646: “bitbuf”: 未知重写说明符
E:\Code\Jpeg-En-Decode\b2j_encode\bitstream.h(15,15): error C4430: 缺少类型说明符 - 假定为 int。注意: C++ 不支持默认 int
E:\Code\Jpeg-En-Decode\b2j_encode\bitstream.h(22,15): error C3646: “bitbuf”: 未知重写说明符
E:\Code\Jpeg-En-Decode\b2j_encode\bitstream.h(22,15): error C4430: 缺少类型说明符 - 假定为 int。注意: C++ 不支持默认 int
E:\Code\Jpeg-En-Decode\b2j_encode\bitstream.h(24,7): error C2143: 语法错误: 缺少“;”(在“*”的前面)
E:\Code\Jpeg-En-Decode\b2j_encode\bitstream.h(24,7): error C4430: 缺少类型说明符 - 假定为 int。注意: C++ 不支持默认 int
E:\Code\Jpeg-En-Decode\b2j_encode\bitstream.h(24,15): error C2238: 意外的标记位于“;”之前
E:\Code\Jpeg-En-Decode\b2j_encode\huffman.h(19,24): error C3646: “huftab”: 未知重写说明符
E:\Code\Jpeg-En-Decode\b2j_encode\huffman.h(19,24): error C2143: 语法错误: 缺少“,”(在“[”的前面)
E:\Code\Jpeg-En-Decode\b2j_encode\huffman.h(19,52): error C2143: 语法错误: 缺少“)”(在“;”的前面)
E:\Code\Jpeg-En-Decode\b2j_encode\huffman.h(19,52): error C2238: 意外的标记位于“;”之前
E:\Code\Jpeg-En-Decode\b2j_encode\color.h(5,43): error C2061: 语法错误: 标识符“BYTE”
E:\Code\Jpeg-En-Decode\b2j_encode\color.h(6,23): error C2061: 语法错误: 标识符“BYTE”
E:\Code\Jpeg-En-Decode\b2j_encode\main.h(13,21): error C2378: “BYTE”: 重定义；符号不能由 typedef 重载
E:\Code\Jpeg-En-Decode\b2j_encode\b2j.h(78): message : 参见“BYTE”的声明
E:\Code\Jpeg-En-Decode\b2j_encode\color.cpp(4,13): error C2011: “Color”:“class”类型重定义
E:\Code\Jpeg-En-Decode\b2j_encode\color.h(3): message : 参见“Color”的声明
  dct.cpp
E:\Code\Jpeg-En-Decode\b2j_encode\dct.cpp(1,1): warning C4819: 该文件包含不能在当前代码页(936)中表示的字符。请将该文件保存为 Unicode 格式以防止数据丢失
E:\Code\Jpeg-En-Decode\b2j_encode\b2j.h(15,13): error C2143: 语法错误: 缺少“;”(在“*”的前面)
E:\Code\Jpeg-En-Decode\b2j_encode\b2j.h(15,13): error C4430: 缺少类型说明符 - 假定为 int。注意: C++ 不支持默认 int
E:\Code\Jpeg-En-Decode\b2j_encode\b2j.h(15,24): error C2238: 意外的标记位于“;”之前
E:\Code\Jpeg-En-Decode\b2j_encode\b2j.h(18,13): error C2143: 语法错误: 缺少“;”(在“*”的前面)
E:\Code\Jpeg-En-Decode\b2j_encode\b2j.h(18,13): error C4430: 缺少类型说明符 - 假定为 int。注意: C++ 不支持默认 int
E:\Code\Jpeg-En-Decode\b2j_encode\b2j.h(18,24): error C2238: 意外的标记位于“;”之前
E:\Code\Jpeg-En-Decode\b2j_encode\b2j.h(32,9): error C2143: 语法错误: 缺少“;”(在“*”的前面)
E:\Code\Jpeg-En-Decode\b2j_encode\b2j.h(32,9): error C4430: 缺少类型说明符 - 假定为 int。注意: C++ 不支持默认 int
E:\Code\Jpeg-En-Decode\b2j_encode\b2j.h(32,18): error C2238: 意外的标记位于“;”之前
E:\Code\Jpeg-En-Decode\b2j_encode\b2j.h(78,12): error C4430: 缺少类型说明符 - 假定为 int。注意: C++ 不支持默认 int
E:\Code\Jpeg-En-Decode\b2j_encode\b2j.h(78,12): error C2146: 语法错误: 缺少“;”(在标识符“STD_HUFTAB_LUMIN_AC”的前面)
E:\Code\Jpeg-En-Decode\b2j_encode\b2j.h(79,1): error C4430: 缺少类型说明符 - 假定为 int。注意: C++ 不支持默认 int
E:\Code\Jpeg-En-Decode\b2j_encode\b2j.h(94,12): error C4430: 缺少类型说明符 - 假定为 int。注意: C++ 不支持默认 int
E:\Code\Jpeg-En-Decode\b2j_encode\b2j.h(94,7): error C2086: “const int BYTE”: 重定义
E:\Code\Jpeg-En-Decode\b2j_encode\b2j.h(78): message : 参见“BYTE”的声明
E:\Code\Jpeg-En-Decode\b2j_encode\b2j.h(94,12): error C2146: 语法错误: 缺少“;”(在标识符“STD_HUFTAB_LUMIN_DC”的前面)
E:\Code\Jpeg-En-Decode\b2j_encode\b2j.h(95,1): error C4430: 缺少类型说明符 - 假定为 int。注意: C++ 不支持默认 int
E:\Code\Jpeg-En-Decode\b2j_encode\b2j.h(100,12): error C4430: 缺少类型说明符 - 假定为 int。注意: C++ 不支持默认 int
E:\Code\Jpeg-En-Decode\b2j_encode\b2j.h(100,7): error C2086: “const int BYTE”: 重定义
E:\Code\Jpeg-En-Decode\b2j_encode\b2j.h(78): message : 参见“BYTE”的声明
E:\Code\Jpeg-En-Decode\b2j_encode\b2j.h(100,12): error C2146: 语法错误: 缺少“;”(在标识符“STD_HUFTAB_CHROM_AC”的前面)
E:\Code\Jpeg-En-Decode\b2j_encode\b2j.h(101,1): error C4430: 缺少类型说明符 - 假定为 int。注意: C++ 不支持默认 int
E:\Code\Jpeg-En-Decode\b2j_encode\b2j.h(116,12): error C4430: 缺少类型说明符 - 假定为 int。注意: C++ 不支持默认 int
E:\Code\Jpeg-En-Decode\b2j_encode\b2j.h(116,7): error C2086: “const int BYTE”: 重定义
E:\Code\Jpeg-En-Decode\b2j_encode\b2j.h(78): message : 参见“BYTE”的声明
E:\Code\Jpeg-En-Decode\b2j_encode\b2j.h(116,12): error C2146: 语法错误: 缺少“;”(在标识符“STD_HUFTAB_CHROM_DC”的前面)
E:\Code\Jpeg-En-Decode\b2j_encode\b2j.h(117,1): error C4430: 缺少类型说明符 - 假定为 int。注意: C++ 不支持默认 int
E:\Code\Jpeg-En-Decode\b2j_encode\bitstream.h(15,15): error C3646: “bitbuf”: 未知重写说明符
E:\Code\Jpeg-En-Decode\b2j_encode\bitstream.h(15,15): error C4430: 缺少类型说明符 - 假定为 int。注意: C++ 不支持默认 int
E:\Code\Jpeg-En-Decode\b2j_encode\bitstream.h(22,15): error C3646: “bitbuf”: 未知重写说明符
E:\Code\Jpeg-En-Decode\b2j_encode\bitstream.h(22,15): error C4430: 缺少类型说明符 - 假定为 int。注意: C++ 不支持默认 int
E:\Code\Jpeg-En-Decode\b2j_encode\bitstream.h(24,7): error C2143: 语法错误: 缺少“;”(在“*”的前面)
E:\Code\Jpeg-En-Decode\b2j_encode\bitstream.h(24,7): error C4430: 缺少类型说明符 - 假定为 int。注意: C++ 不支持默认 int
E:\Code\Jpeg-En-Decode\b2j_encode\bitstream.h(24,15): error C2238: 意外的标记位于“;”之前
E:\Code\Jpeg-En-Decode\b2j_encode\huffman.h(19,24): error C3646: “huftab”: 未知重写说明符
E:\Code\Jpeg-En-Decode\b2j_encode\huffman.h(19,24): error C2143: 语法错误: 缺少“,”(在“[”的前面)
E:\Code\Jpeg-En-Decode\b2j_encode\huffman.h(19,52): error C2143: 语法错误: 缺少“)”(在“;”的前面)
E:\Code\Jpeg-En-Decode\b2j_encode\huffman.h(19,52): error C2238: 意外的标记位于“;”之前
E:\Code\Jpeg-En-Decode\b2j_encode\color.h(5,43): error C2061: 语法错误: 标识符“BYTE”
E:\Code\Jpeg-En-Decode\b2j_encode\color.h(6,23): error C2061: 语法错误: 标识符“BYTE”
E:\Code\Jpeg-En-Decode\b2j_encode\main.h(13,21): error C2378: “BYTE”: 重定义；符号不能由 typedef 重载
E:\Code\Jpeg-En-Decode\b2j_encode\b2j.h(78): message : 参见“BYTE”的声明
E:\Code\Jpeg-En-Decode\b2j_encode\stdefine.h(12,23): error C2378: “BYTE”: 重定义；符号不能由 typedef 重载
E:\Code\Jpeg-En-Decode\b2j_encode\b2j.h(78): message : 参见“BYTE”的声明
E:\Code\Jpeg-En-Decode\b2j_encode\dct.cpp(7,11): error C2011: “Dct”:“class”类型重定义
E:\Code\Jpeg-En-Decode\b2j_encode\dct.h(4): message : 参见“Dct”的声明
  huffman.cpp
E:\Code\Jpeg-En-Decode\b2j_encode\b2j.h(15,13): error C2143: 语法错误: 缺少“;”(在“*”的前面)
E:\Code\Jpeg-En-Decode\b2j_encode\b2j.h(15,13): error C4430: 缺少类型说明符 - 假定为 int。注意: C++ 不支持默认 int
E:\Code\Jpeg-En-Decode\b2j_encode\b2j.h(15,24): error C2238: 意外的标记位于“;”之前
E:\Code\Jpeg-En-Decode\b2j_encode\b2j.h(18,13): error C2143: 语法错误: 缺少“;”(在“*”的前面)
E:\Code\Jpeg-En-Decode\b2j_encode\b2j.h(18,13): error C4430: 缺少类型说明符 - 假定为 int。注意: C++ 不支持默认 int
E:\Code\Jpeg-En-Decode\b2j_encode\b2j.h(18,24): error C2238: 意外的标记位于“;”之前
E:\Code\Jpeg-En-Decode\b2j_encode\b2j.h(32,9): error C2143: 语法错误: 缺少“;”(在“*”的前面)
E:\Code\Jpeg-En-Decode\b2j_encode\b2j.h(32,9): error C4430: 缺少类型说明符 - 假定为 int。注意: C++ 不支持默认 int
E:\Code\Jpeg-En-Decode\b2j_encode\b2j.h(32,18): error C2238: 意外的标记位于“;”之前
E:\Code\Jpeg-En-Decode\b2j_encode\b2j.h(78,12): error C4430: 缺少类型说明符 - 假定为 int。注意: C++ 不支持默认 int
E:\Code\Jpeg-En-Decode\b2j_encode\b2j.h(78,12): error C2146: 语法错误: 缺少“;”(在标识符“STD_HUFTAB_LUMIN_AC”的前面)
E:\Code\Jpeg-En-Decode\b2j_encode\b2j.h(79,1): error C4430: 缺少类型说明符 - 假定为 int。注意: C++ 不支持默认 int
E:\Code\Jpeg-En-Decode\b2j_encode\b2j.h(94,12): error C4430: 缺少类型说明符 - 假定为 int。注意: C++ 不支持默认 int
E:\Code\Jpeg-En-Decode\b2j_encode\b2j.h(94,7): error C2086: “const int BYTE”: 重定义
E:\Code\Jpeg-En-Decode\b2j_encode\b2j.h(78): message : 参见“BYTE”的声明
E:\Code\Jpeg-En-Decode\b2j_encode\b2j.h(94,12): error C2146: 语法错误: 缺少“;”(在标识符“STD_HUFTAB_LUMIN_DC”的前面)
E:\Code\Jpeg-En-Decode\b2j_encode\b2j.h(95,1): error C4430: 缺少类型说明符 - 假定为 int。注意: C++ 不支持默认 int
E:\Code\Jpeg-En-Decode\b2j_encode\b2j.h(100,12): error C4430: 缺少类型说明符 - 假定为 int。注意: C++ 不支持默认 int
E:\Code\Jpeg-En-Decode\b2j_encode\b2j.h(100,7): error C2086: “const int BYTE”: 重定义
E:\Code\Jpeg-En-Decode\b2j_encode\b2j.h(78): message : 参见“BYTE”的声明
E:\Code\Jpeg-En-Decode\b2j_encode\b2j.h(100,12): error C2146: 语法错误: 缺少“;”(在标识符“STD_HUFTAB_CHROM_AC”的前面)
E:\Code\Jpeg-En-Decode\b2j_encode\b2j.h(101,1): error C4430: 缺少类型说明符 - 假定为 int。注意: C++ 不支持默认 int
E:\Code\Jpeg-En-Decode\b2j_encode\b2j.h(116,12): error C4430: 缺少类型说明符 - 假定为 int。注意: C++ 不支持默认 int
E:\Code\Jpeg-En-Decode\b2j_encode\b2j.h(116,7): error C2086: “const int BYTE”: 重定义
E:\Code\Jpeg-En-Decode\b2j_encode\b2j.h(78): message : 参见“BYTE”的声明
E:\Code\Jpeg-En-Decode\b2j_encode\b2j.h(116,12): error C2146: 语法错误: 缺少“;”(在标识符“STD_HUFTAB_CHROM_DC”的前面)
E:\Code\Jpeg-En-Decode\b2j_encode\b2j.h(117,1): error C4430: 缺少类型说明符 - 假定为 int。注意: C++ 不支持默认 int
E:\Code\Jpeg-En-Decode\b2j_encode\bitstream.h(15,15): error C3646: “bitbuf”: 未知重写说明符
E:\Code\Jpeg-En-Decode\b2j_encode\bitstream.h(15,15): error C4430: 缺少类型说明符 - 假定为 int。注意: C++ 不支持默认 int
E:\Code\Jpeg-En-Decode\b2j_encode\bitstream.h(22,15): error C3646: “bitbuf”: 未知重写说明符
E:\Code\Jpeg-En-Decode\b2j_encode\bitstream.h(22,15): error C4430: 缺少类型说明符 - 假定为 int。注意: C++ 不支持默认 int
E:\Code\Jpeg-En-Decode\b2j_encode\bitstream.h(24,7): error C2143: 语法错误: 缺少“;”(在“*”的前面)
E:\Code\Jpeg-En-Decode\b2j_encode\bitstream.h(24,7): error C4430: 缺少类型说明符 - 假定为 int。注意: C++ 不支持默认 int
E:\Code\Jpeg-En-Decode\b2j_encode\bitstream.h(24,15): error C2238: 意外的标记位于“;”之前
E:\Code\Jpeg-En-Decode\b2j_encode\huffman.h(19,24): error C3646: “huftab”: 未知重写说明符
E:\Code\Jpeg-En-Decode\b2j_encode\huffman.h(19,24): error C2143: 语法错误: 缺少“,”(在“[”的前面)
E:\Code\Jpeg-En-Decode\b2j_encode\huffman.h(19,52): error C2143: 语法错误: 缺少“)”(在“;”的前面)
E:\Code\Jpeg-En-Decode\b2j_encode\huffman.h(19,52): error C2238: 意外的标记位于“;”之前
E:\Code\Jpeg-En-Decode\b2j_encode\color.h(5,43): error C2061: 语法错误: 标识符“BYTE”
E:\Code\Jpeg-En-Decode\b2j_encode\color.h(6,23): error C2061: 语法错误: 标识符“BYTE”
E:\Code\Jpeg-En-Decode\b2j_encode\main.h(13,21): error C2378: “BYTE”: 重定义；符号不能由 typedef 重载
E:\Code\Jpeg-En-Decode\b2j_encode\b2j.h(78): message : 参见“BYTE”的声明
E:\Code\Jpeg-En-Decode\b2j_encode\huffman.cpp(4,12): error C4430: 缺少类型说明符 - 假定为 int。注意: C++ 不支持默认 int
E:\Code\Jpeg-En-Decode\b2j_encode\huffman.cpp(4,7): error C2086: “const int BYTE”: 重定义
E:\Code\Jpeg-En-Decode\b2j_encode\b2j.h(78): message : 参见“BYTE”的声明
E:\Code\Jpeg-En-Decode\b2j_encode\huffman.cpp(4,12): error C2146: 语法错误: 缺少“;”(在标识符“STD_HUFTAB_LUMIN_AC”的前面)
E:\Code\Jpeg-En-Decode\b2j_encode\huffman.cpp(5,1): error C4430: 缺少类型说明符 - 假定为 int。注意: C++ 不支持默认 int
E:\Code\Jpeg-En-Decode\b2j_encode\huffman.cpp(4,12): error C2374: “STD_HUFTAB_LUMIN_AC”: 重定义；多次初始化
E:\Code\Jpeg-En-Decode\b2j_encode\b2j.h(78): message : 参见“STD_HUFTAB_LUMIN_AC”的声明
E:\Code\Jpeg-En-Decode\b2j_encode\huffman.cpp(20,12): error C4430: 缺少类型说明符 - 假定为 int。注意: C++ 不支持默认 int
E:\Code\Jpeg-En-Decode\b2j_encode\huffman.cpp(20,7): error C2086: “const int BYTE”: 重定义
E:\Code\Jpeg-En-Decode\b2j_encode\b2j.h(78): message : 参见“BYTE”的声明
E:\Code\Jpeg-En-Decode\b2j_encode\huffman.cpp(20,12): error C2146: 语法错误: 缺少“;”(在标识符“STD_HUFTAB_LUMIN_DC”的前面)
E:\Code\Jpeg-En-Decode\b2j_encode\huffman.cpp(21,1): error C4430: 缺少类型说明符 - 假定为 int。注意: C++ 不支持默认 int
E:\Code\Jpeg-En-Decode\b2j_encode\huffman.cpp(20,12): error C2374: “STD_HUFTAB_LUMIN_DC”: 重定义；多次初始化
E:\Code\Jpeg-En-Decode\b2j_encode\b2j.h(94): message : 参见“STD_HUFTAB_LUMIN_DC”的声明
E:\Code\Jpeg-En-Decode\b2j_encode\huffman.cpp(26,12): error C4430: 缺少类型说明符 - 假定为 int。注意: C++ 不支持默认 int
E:\Code\Jpeg-En-Decode\b2j_encode\huffman.cpp(26,7): error C2086: “const int BYTE”: 重定义
E:\Code\Jpeg-En-Decode\b2j_encode\b2j.h(78): message : 参见“BYTE”的声明
E:\Code\Jpeg-En-Decode\b2j_encode\huffman.cpp(26,12): error C2146: 语法错误: 缺少“;”(在标识符“STD_HUFTAB_CHROM_AC”的前面)
E:\Code\Jpeg-En-Decode\b2j_encode\huffman.cpp(27,1): error C4430: 缺少类型说明符 - 假定为 int。注意: C++ 不支持默认 int
E:\Code\Jpeg-En-Decode\b2j_encode\huffman.cpp(26,12): error C2374: “STD_HUFTAB_CHROM_AC”: 重定义；多次初始化
E:\Code\Jpeg-En-Decode\b2j_encode\b2j.h(100): message : 参见“STD_HUFTAB_CHROM_AC”的声明
E:\Code\Jpeg-En-Decode\b2j_encode\huffman.cpp(42,12): error C4430: 缺少类型说明符 - 假定为 int。注意: C++ 不支持默认 int
E:\Code\Jpeg-En-Decode\b2j_encode\huffman.cpp(42,7): error C2086: “const int BYTE”: 重定义
E:\Code\Jpeg-En-Decode\b2j_encode\b2j.h(78): message : 参见“BYTE”的声明
E:\Code\Jpeg-En-Decode\b2j_encode\huffman.cpp(42,12): error C2146: 语法错误: 缺少“;”(在标识符“STD_HUFTAB_CHROM_DC”的前面)
E:\Code\Jpeg-En-Decode\b2j_encode\huffman.cpp(43,1): error C4430: 缺少类型说明符 - 假定为 int。注意: C++ 不支持默认 int
E:\Code\Jpeg-En-Decode\b2j_encode\huffman.cpp(42,12): error C2374: “STD_HUFTAB_CHROM_DC”: 重定义；多次初始化
E:\Code\Jpeg-En-Decode\b2j_encode\b2j.h(116): message : 参见“STD_HUFTAB_CHROM_DC”的声明
E:\Code\Jpeg-En-Decode\b2j_encode\huffman.cpp(49,15): error C2011: “Huffman”:“class”类型重定义
E:\Code\Jpeg-En-Decode\b2j_encode\huffman.h(28): message : 参见“Huffman”的声明
  main.cpp
E:\Code\Jpeg-En-Decode\b2j_encode\b2j.h(15,13): error C2143: 语法错误: 缺少“;”(在“*”的前面)
E:\Code\Jpeg-En-Decode\b2j_encode\b2j.h(15,13): error C4430: 缺少类型说明符 - 假定为 int。注意: C++ 不支持默认 int
E:\Code\Jpeg-En-Decode\b2j_encode\b2j.h(15,24): error C2238: 意外的标记位于“;”之前
E:\Code\Jpeg-En-Decode\b2j_encode\b2j.h(18,13): error C2143: 语法错误: 缺少“;”(在“*”的前面)
E:\Code\Jpeg-En-Decode\b2j_encode\b2j.h(18,13): error C4430: 缺少类型说明符 - 假定为 int。注意: C++ 不支持默认 int
E:\Code\Jpeg-En-Decode\b2j_encode\b2j.h(18,24): error C2238: 意外的标记位于“;”之前
E:\Code\Jpeg-En-Decode\b2j_encode\b2j.h(32,9): error C2143: 语法错误: 缺少“;”(在“*”的前面)
E:\Code\Jpeg-En-Decode\b2j_encode\b2j.h(32,9): error C4430: 缺少类型说明符 - 假定为 int。注意: C++ 不支持默认 int
E:\Code\Jpeg-En-Decode\b2j_encode\b2j.h(32,18): error C2238: 意外的标记位于“;”之前
E:\Code\Jpeg-En-Decode\b2j_encode\b2j.h(78,12): error C4430: 缺少类型说明符 - 假定为 int。注意: C++ 不支持默认 int
E:\Code\Jpeg-En-Decode\b2j_encode\b2j.h(78,12): error C2146: 语法错误: 缺少“;”(在标识符“STD_HUFTAB_LUMIN_AC”的前面)
E:\Code\Jpeg-En-Decode\b2j_encode\b2j.h(79,1): error C4430: 缺少类型说明符 - 假定为 int。注意: C++ 不支持默认 int
E:\Code\Jpeg-En-Decode\b2j_encode\b2j.h(94,12): error C4430: 缺少类型说明符 - 假定为 int。注意: C++ 不支持默认 int
E:\Code\Jpeg-En-Decode\b2j_encode\b2j.h(94,7): error C2086: “const int BYTE”: 重定义
E:\Code\Jpeg-En-Decode\b2j_encode\b2j.h(78): message : 参见“BYTE”的声明
E:\Code\Jpeg-En-Decode\b2j_encode\b2j.h(94,12): error C2146: 语法错误: 缺少“;”(在标识符“STD_HUFTAB_LUMIN_DC”的前面)
E:\Code\Jpeg-En-Decode\b2j_encode\b2j.h(95,1): error C4430: 缺少类型说明符 - 假定为 int。注意: C++ 不支持默认 int
E:\Code\Jpeg-En-Decode\b2j_encode\b2j.h(100,12): error C4430: 缺少类型说明符 - 假定为 int。注意: C++ 不支持默认 int
E:\Code\Jpeg-En-Decode\b2j_encode\b2j.h(100,7): error C2086: “const int BYTE”: 重定义
E:\Code\Jpeg-En-Decode\b2j_encode\b2j.h(78): message : 参见“BYTE”的声明
E:\Code\Jpeg-En-Decode\b2j_encode\b2j.h(100,12): error C2146: 语法错误: 缺少“;”(在标识符“STD_HUFTAB_CHROM_AC”的前面)
E:\Code\Jpeg-En-Decode\b2j_encode\b2j.h(101,1): error C4430: 缺少类型说明符 - 假定为 int。注意: C++ 不支持默认 int
E:\Code\Jpeg-En-Decode\b2j_encode\b2j.h(116,12): error C4430: 缺少类型说明符 - 假定为 int。注意: C++ 不支持默认 int
E:\Code\Jpeg-En-Decode\b2j_encode\b2j.h(116,7): error C2086: “const int BYTE”: 重定义
E:\Code\Jpeg-En-Decode\b2j_encode\b2j.h(78): message : 参见“BYTE”的声明
E:\Code\Jpeg-En-Decode\b2j_encode\b2j.h(116,12): error C2146: 语法错误: 缺少“;”(在标识符“STD_HUFTAB_CHROM_DC”的前面)
E:\Code\Jpeg-En-Decode\b2j_encode\b2j.h(117,1): error C4430: 缺少类型说明符 - 假定为 int。注意: C++ 不支持默认 int
E:\Code\Jpeg-En-Decode\b2j_encode\bitstream.h(15,15): error C3646: “bitbuf”: 未知重写说明符
E:\Code\Jpeg-En-Decode\b2j_encode\bitstream.h(15,15): error C4430: 缺少类型说明符 - 假定为 int。注意: C++ 不支持默认 int
E:\Code\Jpeg-En-Decode\b2j_encode\bitstream.h(22,15): error C3646: “bitbuf”: 未知重写说明符
E:\Code\Jpeg-En-Decode\b2j_encode\bitstream.h(22,15): error C4430: 缺少类型说明符 - 假定为 int。注意: C++ 不支持默认 int
E:\Code\Jpeg-En-Decode\b2j_encode\bitstream.h(24,7): error C2143: 语法错误: 缺少“;”(在“*”的前面)
E:\Code\Jpeg-En-Decode\b2j_encode\bitstream.h(24,7): error C4430: 缺少类型说明符 - 假定为 int。注意: C++ 不支持默认 int
E:\Code\Jpeg-En-Decode\b2j_encode\bitstream.h(24,15): error C2238: 意外的标记位于“;”之前
E:\Code\Jpeg-En-Decode\b2j_encode\huffman.h(19,24): error C3646: “huftab”: 未知重写说明符
E:\Code\Jpeg-En-Decode\b2j_encode\huffman.h(19,24): error C2143: 语法错误: 缺少“,”(在“[”的前面)
E:\Code\Jpeg-En-Decode\b2j_encode\huffman.h(19,52): error C2143: 语法错误: 缺少“)”(在“;”的前面)
E:\Code\Jpeg-En-Decode\b2j_encode\huffman.h(19,52): error C2238: 意外的标记位于“;”之前
E:\Code\Jpeg-En-Decode\b2j_encode\color.h(5,43): error C2061: 语法错误: 标识符“BYTE”
E:\Code\Jpeg-En-Decode\b2j_encode\color.h(6,23): error C2061: 语法错误: 标识符“BYTE”
E:\Code\Jpeg-En-Decode\b2j_encode\main.h(13,21): error C2378: “BYTE”: 重定义；符号不能由 typedef 重载
E:\Code\Jpeg-En-Decode\b2j_encode\b2j.h(78): message : 参见“BYTE”的声明
E:\Code\Jpeg-En-Decode\b2j_encode\main.cpp(10,3): error C2371: “BMP”: 重定义；不同的基类型
E:\Code\Jpeg-En-Decode\b2j_encode\bmp.h(9): message : 参见“BMP”的声明
  quant.cpp
E:\Code\Jpeg-En-Decode\b2j_encode\quant.cpp(3,13): error C2011: “Quant”:“class”类型重定义
E:\Code\Jpeg-En-Decode\b2j_encode\quant.h(3): message : 参见“Quant”的声明
  正在生成代码...
